176064 Patterson Denise 8.58 11 DEN 15788
147832 Law Gloria 7.18 36 ECO 73131
158477 Vranas Constance 8.4 29 CHE 10432
165839 Roubanis Milton 5.97 40 MED 10431
145815 Baldwin Xenia 6.68 41 MED 26400
170671 Stewart Marjorie 7.42 34 CHE 11854
177641 Caras Douglas 7.14 28 POL 10432
146145 Lancaster Denys 7.08 33 CIV 26400
160458 Nafpliotis Timotheos 8.01 12 AER 73131
176128 Panos Edgar 7.78 23 ECO 11473
142168 Hudson Monica 7.01 42 CHE 11854
159212 Baird Carla 8.59 8 DEN 10682
150875 Pollard Socrates 5.92 24 CSE 26226
156017 Hill Alfred 6.38 31 MAT 34009
187267 Frangos Denys 7.89 35 PHY 11854
158460 Mayer Hemeros 8.13 25 CIS 16121
173332 Pallas Tracy 8.97 36 AER 73131
141622 Justice Stanley 6.64 23 ENG 15757
171670 Bowling Shirley 6.5 2 PHY 16122
182499 Goodman Carl 7.55 34 AER 11253
146647 McLaughlin Pamela 5.53 5 PHY 73131
165956 Vasiliou Cletus 7.56 32 AER 11854
143656 Primo Samantha 6.27 49 LAW 34009
165046 Welsh Helena 5.51 22 ENG 15703
148578 Makris Alithea 8.63 21 PHI 15757
186759 Rallis Seraphim 6.02 27 CEE 26400
170099 Bolton Delphina 6.35 19 CIV 15788
144626 Hawley Spiridon 5.13 11 MED 11253
147618 Toto Nectarios 6.78 19 POL 26400
157987 Lam Meredith 7.1 44 PHY 15757
q 188464
not found
q 163464
not found
q 160458
160458 Nafpliotis Timotheos 8.01 12 AER 73131
ra 148702 167447
7.16
a  73131
7.42
d 163464
not found
q 163464
not found
f 6.00
143656 Primo Samantha 6.27 49 LAW 34009
ct 73131 PHY
146647 McLaughlin Pamela 5.53 5 PHY 73131
5
ct 15703 MAT
not found
b 3
144626 Hawley Spiridon 5.13 11 MED 11253
165046 Welsh Helena 5.51 22 ENG 15703
146647 McLaughlin Pamela 5.53 5 PHY 73131
p 15703
0.03
pe
15788 0.07
73131 0.13
10432 0.07
10431 0.03
26400 0.13
11854 0.13
11473 0.03
10682 0.03
26226 0.03
34009 0.07
16121 0.03
15757 0.10
16122 0.03
11253 0.07
15703 0.03
m 144626 6.51 8
144626 Hawley Spiridon 6.51 8 MED 11253
q 144626
144626 Hawley Spiridon 6.51 8 MED 11253
e

