176064 Patterson Denise 8.58 11 DEN 15788
147832 Law Gloria 7.18 36 ECO 73131
158477 Vranas Constance 8.4 29 CHE 10432
165839 Roubanis Milton 5.97 40 MED 10431
145815 Baldwin Xenia 6.68 41 MED 26400
170671 Stewart Marjorie 7.42 34 CHE 11854
177641 Caras Douglas 7.14 28 POL 10432
146145 Lancaster Denys 7.08 33 CIV 26400
160458 Nafpliotis Timotheos 8.01 12 AER 73131
176128 Panos Edgar 7.78 23 ECO 11473
142168 Hudson Monica 7.01 42 CHE 11854
159212 Baird Carla 8.59 8 DEN 10682
150875 Pollard Socrates 5.92 24 CSE 26226
156017 Hill Alfred 6.38 31 MAT 34009
187267 Frangos Denys 7.89 35 PHY 11854
158460 Mayer Hemeros 8.13 25 CIS 16121
173332 Pallas Tracy 8.97 36 AER 73131
141622 Justice Stanley 6.64 23 ENG 15757
171670 Bowling Shirley 6.5 2 PHY 16122
182499 Goodman Carl 7.55 34 AER 11253
146647 McLaughlin Pamela 5.53 5 PHY 73131
165956 Vasiliou Cletus 7.56 32 AER 11854
143656 Primo Samantha 6.27 49 LAW 34009
165046 Welsh Helena 5.51 22 ENG 15703
148578 Makris Alithea 8.63 21 PHI 15757
186759 Rallis Seraphim 6.02 27 CEE 26400
170099 Bolton Delphina 6.35 19 CIV 15788
144626 Hawley Spiridon 5.13 11 MED 11253
147618 Toto Nectarios 6.78 19 POL 26400
157987 Lam Meredith 7.1 44 PHY 15757
149938 Welch Marjorie 7.07 40 LAW 16121
173204 Berman Alexandra 6.1 45 CHE 14121
157114 Athas Apollo 7.22 48 CEE 23057
160720 Cohen Eleanor 8.62 41 AER 26400
144233 Johnston Peggy 5.7 17 ECO 11473
174637 Saitta Robyn 8.26 31 FRA 11854
173970 Petrides Calida 5.23 24 FRA 26400
159358 Everett Jack 6.68 38 CEE 27340
172226 Berman Joe 6.68 47 BUS 73131
154054 Logothetis Kristine 5.19 40 CIV 73131
161611 Cheek Jerry 8.67 44 THE 11253
184232 Mercer Kay 5.61 31 PSY 26226
153245 Costas Arlene 6.17 13 ECO 16121
143052 Kondos Malcolm 7.59 48 ECO 10677
147105 Apostolou Kate 6.05 21 LAW 10677
157869 Cooke Annette 8.28 40 THE 14122
174334 Vitalis Parthenios 5.14 48 FRA 11854
184286 Foley Jim 8.08 25 MED 10432
189563 Kozma Kristen 7.91 15 PHI 23057
186106 Moody Flavian 5.62 4 CSE 15788
147914 Dyer Dorothy 6.65 8 CIV 16122
143543 Eaton Pericles 7.52 31 PHI 11854
187794 Wilkins Jimmy 6.97 6 CIS 14121
177516 Farrell Judith 7.5 23 DEN 16122
174742 Howe Tommy 6.48 18 ENG 23057
153311 Schneider Laurentios 5.34 47 PHI 11854
175708 Barry Walter 7.39 34 PSY 14122
169330 Burch Constantinos 8.89 19 ECE 26400
169301 Knox Aristotle 6.37 47 PHI 16121
182366 Malia Nerissa 5.89 34 CSE 10431
140305 McKee Dana 7.63 22 MAT 27340
186844 Bouras Thomas 5.75 39 CEE 14121
169430 Hodge Agathe 5.45 5 HIS 10677
147617 Rigas Zena 5.42 7 PHY 27340
167948 Grady Mara 6.88 8 MAT 16122
159613 Barry Eleftherios 8.36 42 LAW 26400
169155 Buros Julie 6.98 8 THE 15788
145322 Petersen Calandra 6.12 33 ECO 15757
149235 Horowitz Eugen 7.02 27 CSE 26226
149210 Rouphos Jessie 6.1 48 LAW 26226
176963 Andris Nikolos 8.35 17 ECE 16122
159854 Prince Nikolaos 7.58 39 THE 23057
184261 Margaritis Argus 5.58 33 POL 26400
140770 Green Grace 7.23 23 LAW 16122
145743 Bryan Mike 8.4 35 MED 15703
166939 Dudley Hieronymos 6.85 46 POL 34009
159931 Wilkinson Bruce 8.15 27 MAT 26400
187159 Morton Edwin 5.73 47 PHI 11854
176109 Dickens Malaina 8.45 24 ENG 34009
169037 McKenna Cosima 7.21 10 MEC 26400
172707 Kostopoulos Marlene 7.14 41 AER 14121
170937 Finch Annette 8.43 37 THE 11473
155000 Mikos Mikhail 6.45 48 ECE 15788
155551 Koch Deborah 8.96 32 PSY 27340
148765 Pace Nancy 5.18 41 CIV 15703
175500 Richmond Diana 6.91 35 HIS 26226
188046 Reilly Vasilis 8.54 17 POL 73131
140211 Alford Henry 7.19 9 CSE 11253
164142 Russell Markos 8.87 36 CEE 34009
180259 Lawrence Marc 5.19 32 THE 11253
150294 Nicolaou Carol 8.54 2 CHE 10677
187175 Stevenson Anna 6.75 28 FRA 23057
150125 Barton Tiffany 5.68 28 PSY 15788
183528 Sgouros Theodosia 5.38 19 LAW 26400
147999 German Gladys 5.64 41 MED 34009
175068 Eaton Athanasios 7.75 6 MAT 15788
178717 Mola Altair 7.75 48 THE 10431
156415 Stanley Heather 5.95 36 ECE 14121
144818 Patterson Hippolytus 5.62 6 POL 15757
149589 Stanton Ernest 6.68 49 ENG 23057
151526 Strauss Steven 5.12 23 CSE 26226
169963 Marinos Stefania 7.91 13 MAT 11473
187609 Papadiamantopoulos Rita 8.51 38 THE 15703
184140 Bullock Demetra 8.76 34 CSE 34009
164403 Anastas Dinos 7.51 30 PHY 27340
154224 Clayton Tina 8.39 42 POL 15703
175688 Stephens Pat 7.52 20 FRA 11253
153327 Shaffer Nicholas 7.61 20 AER 10432
170304 Hudson Cindy 5.35 32 MED 26226
165233 Stavros Dennis 7.9 18 AER 11253
174288 Drivas Petros 7.52 15 PHY 11473
173404 Upchurch Pandora 8.62 18 MEC 10431
169751 Reeves Faye 5.84 12 BUS 34009
149882 Allen Jacqueline 8.31 29 CSE 16122
158017 Hinton Sam 6.25 26 HIS 26400
182283 Horton Nectarios 5.67 19 MED 11253
188211 Thoma Aristotle 7.32 15 LAW 10432
179944 Costas Kurt 5.74 2 CIS 16122
145732 Zhu Arete 6.28 26 THE 27340
182193 Randall Theodore 7.8 14 CIV 15757
149622 Tuttle Hippolytus 6.96 6 ENG 11473
169541 Patel Sibyl 8.47 4 ENG 73131
154194 Tyler Daphne 7.18 6 PHY 11253
177700 Sawyer Pelagia 6.55 34 MED 11253
159817 Leva Thea 7.24 12 THE 73131
186492 Christakopoulos Antheia 8.17 19 HIS 26400
163941 Newton Helia 8.96 28 CIS 15703
160790 Graves Georgios 5.74 8 MEC 10682
187358 Zika Theodosios 7.54 30 BUS 10682
168114 Hatzis Kathy 6.06 22 PHI 14121
172047 Kallis Herbert 8.3 5 LAW 10682
141037 Teresi Nannos 8.59 36 CEE 16121
154518 Nelson Kyros 7.17 27 CSE 14121
146418 Norris Theresa 7.98 11 ENG 16122
152877 Gilliam Laurie 7.11 18 FRA 23057
181902 Butler Niobe 6.64 29 CEE 16121
179779 Corbett Marion 5.65 4 MAT 11473
158376 Franklin Rose 6.92 19 BUS 27340
153155 Spencer Peter 6.32 27 ECO 23057
171722 Kosta Alfred 6.8 9 ENG 15757
156005 Reese Earl 5.67 22 PHY 34009
189268 Pugh Rick 6.95 23 CIV 16121
178071 Ioannou Melania 8.12 6 PSY 26400
144376 Lambros Melantha 6.44 42 MED 10677
151959 Soter Arthur 8.38 10 THE 11854
150097 Hedrick Nicodemus 5.52 35 CIV 14122
154064 Marsh Lisa 7.18 20 FRA 10682
171467 Connor Jan 7.27 20 ENG 16121
144855 Harris Adonia 6.19 44 MED 23057
182590 Martin Venedictos 7.18 12 HIS 15703
170470 Pierce Pangiota 8.44 43 BUS 16121
178213 Richards Christophoros 6.49 48 THE 73131
187104 Abbott Delphinia 5.79 12 DEN 11253
147711 Freeman Melvin 5.81 2 PHI 11473
169634 Dean Guy 6.57 32 LAW 16121
140786 Curry Leda 5.53 42 CEE 10677
179188 Chris Lynn 6.91 7 AER 26400
182649 Hodges Ellena 6.14 23 DEN 10432
148812 Stanis Vernandos 6.33 36 CIS 27340
174300 Hanna Ionia 7.72 25 CHE 10431
141477 Konstantopoulos Christina 7.32 24 ENG 11854
177077 Oikonomou Kim 6.05 20 PSY 73131
157795 Preston Joy 5.93 4 PSY 73131
165840 Ingram Dawn 6.36 48 MEC 11473
142783 Goodman Harriet 7.74 14 DEN 11854
162079 Patera Gretchen 6.35 20 ECO 26400
148510 Wilkinson Hermione 7.08 4 AER 34009
165749 Albright Patricia 6.31 26 THE 10432
181630 Rigas Clarence 8.38 28 DEN 23057
187739 Moon Keith 6.68 36 CSE 27340
148926 Economou Tim 8.86 7 AER 16122
148294 Currie Theodore 8.2 11 LAW 34009
183503 Tripoli Theresa 7.25 31 DEN 73131
162156 Chandler Odele 7.46 11 MAT 11854
168054 York Justina 5.56 16 CEE 26226
164366 Philippidis Eileen 6.14 16 CHE 16121
141168 Sallas Dionis 5.83 47 ECE 11253
171138 Vassallo Nestor 6.93 43 ENG 15757
187547 Bray Irene 5.43 2 POL 11253
171958 Stallings Roberta 6.76 23 POL 27340
141796 Schaefer Evelyn 8.96 34 FRA 14121
157178 Maimonides Angeliki 6.74 12 ECO 10431
150408 Dunn Alexios 6.92 29 ECO 16121
155158 Rivera Brad 5.94 34 ECO 15757
142873 Nafpliotis Melania 6.72 42 ECO 23057
170582 Burnett Helen 5.33 9 CEE 10677
181298 Silver Helia 5.69 32 ECO 16122
168463 Hurst Rhonda 5.49 28 CIS 27340
178209 Kuhn Veronica 8.0 32 BUS 14121
148064 Hudson Kaly 6.52 18 LAW 15788
189061 Zografos Eleni 6.21 49 BUS 34009
167990 Paules Herman 5.69 13 POL 23057
172858 Parker Charissa 6.29 41 THE 11253
172509 Vasilakakis Laurence 6.74 34 MED 10431
189433 Vaughn Teresa 8.56 8 MEC 10682
188796 Hatzis Petros 8.06 33 ENG 14122
187471 Sarris Dorrise 6.82 47 HIS 14121
185409 McGuire Damianos 7.03 13 PSY 16121
150915 Leonard Hugh 8.36 42 CHE 10677
140624 Petty Frank 8.86 34 ECO 10432
188423 Louganis Donna 8.82 40 CSE 26226
150251 Fotoulas Petros 8.64 6 CIS 11473
168248 Xenakis Marcus 5.73 48 ECO 10432
182970 Feldman Kristina 7.19 12 ENG 10432
149384 Kumar Maris 5.29 27 ENG 16121
184872 Turner Annette 6.83 32 FRA 14122
164831 Pearson Carolyn 6.44 11 CHE 27340
176887 Chase Petros 8.36 49 BUS 26400
166671 Stokes Timotheos 8.77 32 MEC 26400
145503 Tsakalidis Greg 8.09 37 PSY 26400
155783 Waters Jessie 8.0 37 MEC 10677
158508 Chris Charles 5.36 19 HIS 16122
142129 Sharp Wallace 6.15 26 FRA 10431
177284 Horner Salome 8.64 21 FRA 14121
151040 Eliopoulos Lois 7.95 25 PHY 23057
169080 Howe Stacy 7.48 2 LAW 10432
175571 Callis Tatiana 5.78 45 ECO 23057
187533 Capps Amanda 5.78 40 ECO 26226
188738 Howell Nelson 5.7 17 CHE 14121
162090 Blackburn Kalliope 8.61 19 BUS 10677
150660 Savas Elena 6.51 13 BUS 16122
182337 Jensen Hazel 6.73 7 CHE 16121
186925 Middleton Lukianos 8.19 24 CIS 14121
152690 Xenos Petrina 7.04 2 CIS 15703
142230 Oakley Thekla 5.95 38 MAT 10432
168266 Metaxas Gretchen 5.67 36 CHE 11253
161427 Brown Marilyn 7.91 6 CEE 15757
156778 Faulkner Martha 7.67 28 LAW 16122
156518 Eaton John 5.95 9 MEC 26226
171562 Williams Jacob 7.38 28 CHE 10431
182906 Duffy Cletus 6.05 34 DEN 26400
184442 Pardo Sara 8.33 30 ECE 14121
177306 Triantafyllou Leiandros 6.28 2 ENG 15703
168924 Flowers Jessica 7.24 41 DEN 16122
150538 Lois Kim 6.98 35 CSE 14122
178978 Petracca Suzanne 5.34 2 PHI 34009
183268 Bunn Demetra 7.17 13 DEN 15703
161003 Ballis Marlene 6.54 45 THE 26400
145590 Harding Junia 8.7 19 PHY 27340
185806 Kiriakidis Joanne 6.07 33 MED 73131
141208 Hughes Jordan 6.62 49 MEC 73131
187038 Law Evan 7.2 22 MEC 14121
178295 Weiner Leda 8.54 36 ECO 10431
178736 Condos Bryan 6.27 15 FRA 10677
167524 Jensen Iphigeneia 7.85 19 ENG 14122
159682 Hatzidakis Socrates 7.67 8 PHY 14122
144671 Doukas Molly 7.97 32 ECE 23057
172206 Murray Sherri 5.67 49 DEN 11854
142405 Stanton Alithea 7.17 20 ECO 11253
146046 Chronis Damia 8.07 46 MED 10682
146219 Howe Mikhail 5.84 46 ENG 11253
162340 Kerr Argus 7.61 35 BUS 14121
152429 Walter Thetis 6.87 8 MEC 14121
147848 Lagana Marie 6.08 14 LAW 11854
146875 Lindsay Carl 8.21 43 CIV 10677
185862 Terzis Jacob 5.97 21 ECO 15703
146076 Golias Apolo 5.3 36 PSY 10677
185921 Skinner Bobby 8.85 47 CEE 23057
186378 Hester Dion 5.15 34 MED 14121
140414 Hatzidakis Dorris 5.66 2 PSY 15788
171247 Notaras Gwendolyn 7.94 34 HIS 10432
184303 Antoniadis Franklin 8.73 38 POL 15757
181448 Thomson Irene 7.66 41 CHE 14121
154208 Pulos Tamara 8.83 37 MEC 11473
185276 Hamilton Vivian 6.64 41 CHE 14121
178906 Adkins Carrie 7.88 9 MED 15788
168589 Stanton Julia 8.54 20 PHI 26400
183327 Zimmerman Constance 7.02 38 THE 27340
161485 Sotir Philothea 7.65 30 CIV 10431
154278 Grivas Marjorie 7.65 37 MAT 10431
176755 Marks Carla 8.36 40 MAT 11854
163098 Parks Jonathan 5.61 2 CSE 73131
165422 Locklear Bryan 5.43 15 MEC 16122
186599 Terzi Miriam 6.86 2 CEE 27340
153696 Rosi Becky 6.37 13 FRA 73131
180803 Zacharias Diane 5.54 7 THE 10677
143784 Rodgers Cloris 7.74 8 THE 34009
161973 Chu Michelle 7.76 37 ENG 14121
180160 Hatzigiannis Agathe 5.12 6 MAT 26400
144927 Markakis Melania 8.62 7 PHY 10431
186307 McMahon Vivian 8.23 38 PHI 26400
177645 Lin Dionis 6.05 37 LAW 10682
183698 Fischer Evangelia 6.3 13 ECO 23057
152090 Boswell Augustine 8.89 35 MAT 14122
156270 Summers Margaret 6.1 9 CHE 10682
163682 Manos Verniamin 6.68 43 THE 15788
149130 Warner Marjorie 7.4 12 CEE 26226
141763 Sisko Mahail 8.92 38 ENG 10431
150132 Vitalis Hermione 5.66 46 ECE 34009
180942 Gonce Jackie 5.2 34 PHY 14121
188647 Blanchard Agapios 6.26 35 THE 14122
177731 Spiros Mitros 8.52 22 PHY 27340
144064 Panagakos Esther 8.68 35 MEC 15788
146409 Waters Aristotelis 5.18 15 THE 10431
164299 Nichols Kathleen 5.39 46 POL 11473
171885 Boykin Frank 8.68 9 MED 10677
171380 Nikolas Maichail 8.94 25 FRA 15788
158228 Minga Kristina 8.6 36 THE 26226
159235 Stein Neil 6.32 42 HIS 26400
169730 Carroll Diane 8.88 15 THE 10432
q 156518
156518 Eaton John 5.95 9 MEC 26226
q 150132
150132 Vitalis Hermione 5.66 46 ECE 34009
q 166671
166671 Stokes Timotheos 8.77 32 MEC 26400
ra 148702 167447
7.07
a  26226
6.47
d 156518
156518 Eaton John 5.95 9 MEC 26226
q 156518
not found
f 8.00
176887 Chase Petros 8.36 49 BUS 26400
ct 10431 HIS
not found
ct 15703 CSE
not found
b 5
151526 Strauss Steven 5.12 23 CSE 26226
180160 Hatzigiannis Agathe 5.12 6 MAT 26400
144626 Hawley Spiridon 5.13 11 MED 11253
174334 Vitalis Parthenios 5.14 48 FRA 11854
186378 Hester Dion 5.15 34 MED 14121
p 15703
0.04
pe
15788 0.04
73131 0.06
10432 0.05
10431 0.05
26400 0.09
11854 0.05
11473 0.04
10682 0.03
26226 0.04
34009 0.05
16121 0.05
15757 0.04
16122 0.05
11253 0.06
15703 0.04
14121 0.07
23057 0.06
27340 0.05
10677 0.05
14122 0.03
m 172509 9.01 2
172509 Vasilakakis Laurence 9.01 2 MED 10431
q 172509
172509 Vasilakakis Laurence 9.01 2 MED 10431
e

